<?xml version="1.0" encoding="UTF-8"?>
<!-- Generated by org.testng.reporters.JUnitXMLReporter -->
<testsuite ignored="0" hostname="DESKTOP-1I2QI1H" failures="1" tests="3" name="Test" time="4.546" errors="0" timestamp="19 Apr 2022 20:09:00 GMT">
  <testcase classname="TheInternet.SeleniumTrial.BasicAuthTests" name="VerifyBasicAuthMessage" time="0.651">
    <failure type="java.lang.AssertionError" message="expected [Basic] but found [Basic Auth]">
      <![CDATA[java.lang.AssertionError: expected [Basic] but found [Basic Auth]
at TheInternet.SeleniumTrial.BasicAuthTests.VerifyBasicAuthMessage(BasicAuthTests.java:42)
... Removed 31 stack frames]]>
    </failure>
  </testcase> <!-- VerifyBasicAuthMessage -->
  <testcase classname="TheInternet.SeleniumTrial.AddRemoveElements" name="VerifyAddElementOnPage" time="0.334"/>
  <testcase classname="TheInternet.SeleniumTrial.AddRemoveElements" name="VerifyRemoveElementOnPage" time="0.343"/>
</testsuite> <!-- Test -->
